\BOOKMARK [1][-]{section.2}{\376\377\000A\000b\000s\000t\000r\000a\000c\000t}{}% 1
\BOOKMARK [1][-]{section.3}{\376\377\000C\000o\000r\000p\000u\000s\000\040\000A\000n\000d\000\040\000M\000e\000t\000h\000o\000d}{}% 2
\BOOKMARK [1][-]{section.4}{\376\377\000E\000x\000e\000c\000u\000t\000i\000v\000e\000\040\000S\000u\000m\000m\000a\000r\000y}{}% 3
\BOOKMARK [1][-]{section.11}{\376\377\000M\000c\000C\000a\000s\000l\000a\000n\000d\000\040\000I\000n\000\040\000T\000h\000e\000\040\000P\000u\000b\000l\000i\000c\000\040\000R\000e\000c\000o\000r\000d}{}% 4
\BOOKMARK [2][-]{subsection.12}{\376\377\000C\000a\000r\000e\000e\000r\000\040\000O\000v\000e\000r\000v\000i\000e\000w}{section.11}% 5
\BOOKMARK [2][-]{subsection.17}{\376\377\000T\000h\000e\000\040\000S\000A\000P\000O\000C\000\040\000R\000o\000l\000e}{section.11}% 6
\BOOKMARK [2][-]{subsection.19}{\376\377\000H\000a\000r\000v\000a\000r\000d\000\040\000K\000e\000n\000n\000e\000d\000y\000\040\000S\000c\000h\000o\000o\000l\000\040\040\024\000\040\000U\000.\000S\000.\000-\000R\000u\000s\000s\000i\000a\000\040\000S\000e\000c\000u\000r\000i\000t\000y\000\040\000P\000r\000o\000g\000r\000a\000m}{section.11}% 7
\BOOKMARK [2][-]{subsection.20}{\376\377\000J\000a\000m\000e\000s\000\040\000T\000e\000g\000n\000e\000l\000i\000a\000:\000\040\000T\000h\000e\000\040\000P\000a\000r\000t\000n\000e\000r\000\040\000W\000h\000o\000\040\000W\000a\000s\000\040\000N\000o\000t\000\040\000R\000e\000p\000o\000r\000t\000e\000d}{section.11}% 8
\BOOKMARK [2][-]{subsection.22}{\376\377\000S\000u\000s\000a\000n\000\040\000W\000i\000l\000k\000e\000r\000s\000o\000n\000'\000s\000\040\000C\000r\000e\000d\000e\000n\000t\000i\000a\000l\000s}{section.11}% 9
\BOOKMARK [2][-]{subsection.23}{\376\377\000T\000h\000e\000\040\000D\000e\000L\000o\000n\000g\000e\000\040\000/\000\040\000P\000o\000d\000e\000s\000t\000a\000\040\000T\000h\000r\000e\000a\000d}{section.11}% 10
\BOOKMARK [1][-]{section.29}{\376\377\000D\000i\000s\000a\000p\000p\000e\000a\000r\000a\000n\000c\000e\000\040\000T\000i\000m\000e\000l\000i\000n\000e\000\040\000A\000n\000d\000\040\000C\000a\000s\000e\000\040\000S\000t\000a\000t\000u\000s}{}% 11
\BOOKMARK [2][-]{subsection.30}{\376\377\000D\000a\000y\000-\000O\000f\000\040\000S\000e\000q\000u\000e\000n\000c\000e}{section.29}% 12
\BOOKMARK [2][-]{subsection.31}{\376\377\000M\000i\000s\000s\000i\000n\000g\000\040\000I\000t\000e\000m\000s}{section.29}% 13
\BOOKMARK [2][-]{subsection.32}{\376\377\000C\000o\000l\000o\000r\000a\000d\000o\000\040\000P\000r\000o\000p\000e\000r\000t\000y}{section.29}% 14
\BOOKMARK [2][-]{subsection.34}{\376\377\000O\000f\000f\000i\000c\000i\000a\000l\000\040\000L\000a\000w\000-\000E\000n\000f\000o\000r\000c\000e\000m\000e\000n\000t\000\040\000P\000o\000s\000i\000t\000i\000o\000n}{section.29}% 15
\BOOKMARK [2][-]{subsection.37}{\376\377\000S\000e\000a\000r\000c\000h\000\040\000A\000r\000c\000h\000i\000t\000e\000c\000t\000u\000r\000e\000\040\000A\000n\000o\000m\000a\000l\000i\000e\000s}{section.29}% 16
\BOOKMARK [2][-]{subsection.38}{\376\377\000P\000a\000r\000a\000l\000l\000e\000l\000\040\000D\000i\000s\000a\000p\000p\000e\000a\000r\000a\000n\000c\000e\000:\000\040\000S\000t\000e\000v\000e\000n\000\040\000G\000a\000r\000c\000i\000a\000\040\000A\000s\000\040\000A\000\040\000P\000o\000t\000e\000n\000t\000i\000a\000l\000\040\000C\000a\000t\000a\000l\000y\000s\000t}{section.29}% 17
\BOOKMARK [1][-]{section.40}{\376\377\000T\000h\000e\000\040\000@\000T\000M\000B\000S\000p\000a\000c\000e\000s\000h\000i\000p\000s\000\040\000A\000t\000t\000r\000i\000b\000u\000t\000i\000o\000n\000\040\000Q\000u\000e\000s\000t\000i\000o\000n}{}% 18
\BOOKMARK [2][-]{subsection.41}{\376\377\000B\000i\000o\000g\000r\000a\000p\000h\000i\000c\000a\000l\000\040\000P\000a\000t\000t\000e\000r\000n\000\040\000M\000a\000t\000c\000h\000\040\000A\000n\000d\000\040\000I\000t\000s\000\040\000L\000i\000m\000i\000t\000s}{section.40}% 19
\BOOKMARK [2][-]{subsection.43}{\376\377\000T\000o\000t\000a\000l\000\040\000P\000o\000s\000t\000\040\000C\000o\000u\000n\000t}{section.40}% 20
\BOOKMARK [2][-]{subsection.44}{\376\377\000T\000h\000e\000\040\000D\000e\000c\000e\000m\000b\000e\000r\000\040\0002\0000\0002\0003\000\040\000K\000C\000-\0001\0003\0005\000\040\000S\000k\000e\000t\000c\000h}{section.40}% 21
\BOOKMARK [2][-]{subsection.46}{\376\377\000T\000h\000e\000\040\000L\000a\000s\000t\000\040\000P\000o\000s\000t\000\040\000T\000i\000m\000e\000s\000t\000a\000m\000p}{section.40}% 22
\BOOKMARK [1][-]{section.47}{\376\377\000A\000s\000h\000t\000o\000n\000\040\000F\000o\000r\000b\000e\000s}{}% 23
\BOOKMARK [2][-]{subsection.48}{\376\377\000P\000u\000b\000l\000i\000c\000\040\000A\000m\000p\000l\000i\000f\000i\000c\000a\000t\000i\000o\000n}{section.47}% 24
\BOOKMARK [2][-]{subsection.51}{\376\377\000P\000o\000d\000c\000a\000s\000t\000\040\000T\000r\000a\000n\000s\000c\000r\000i\000p\000t\000\040\000F\000i\000n\000d\000i\000n\000g\000s}{section.47}% 25
\BOOKMARK [1][-]{section.52}{\376\377\000S\000c\000h\000e\000m\000a\000t\000i\000c\000\040\000A\000n\000a\000l\000y\000s\000i\000s\000:\000\040\000`\000`\000C\000l\000o\000s\000e\000d\000\040\000C\000y\000c\000l\000e\000\040\000P\000l\000a\000s\000m\000a\000\040\000A\000m\000p\000l\000i\000f\000i\000e\000r\000'\000'}{}% 26
\BOOKMARK [2][-]{subsection.53}{\376\377\000W\000h\000a\000t\000\040\000T\000h\000e\000\040\000S\000c\000h\000e\000m\000a\000t\000i\000c\000\040\000D\000e\000p\000i\000c\000t\000s}{section.52}% 27
\BOOKMARK [2][-]{subsection.56}{\376\377\000T\000h\000e\000\040\000Z\000-\000P\000i\000n\000c\000h\000\040\000I\000d\000e\000n\000t\000i\000f\000i\000c\000a\000t\000i\000o\000n}{section.52}% 28
\BOOKMARK [2][-]{subsection.57}{\376\377\000T\000h\000e\000\040\000`\000`\000P\000u\000m\000p\000a\000b\000l\000e\000'\000'\000\040\000L\000i\000n\000g\000u\000i\000s\000t\000i\000c\000\040\000C\000h\000a\000i\000n}{section.52}% 29
\BOOKMARK [2][-]{subsection.61}{\376\377\000S\000t\000y\000l\000i\000s\000t\000i\000c\000\040\000F\000i\000n\000g\000e\000r\000p\000r\000i\000n\000t}{section.52}% 30
\BOOKMARK [2][-]{subsection.62}{\376\377\000O\000v\000e\000r\000a\000l\000l\000\040\000T\000e\000c\000h\000n\000i\000c\000a\000l\000\040\000A\000s\000s\000e\000s\000s\000m\000e\000n\000t}{section.52}% 31
\BOOKMARK [1][-]{section.63}{\376\377\000T\000h\000e\000\040\000Y\000a\000m\000a\000n\000t\000a\000u\000\040\000A\000n\000d\000\040\000I\000n\000d\000u\000c\000e\000d\000\040\000N\000u\000c\000l\000e\000a\000r\000\040\000P\000o\000s\000t\000s}{}% 32
\BOOKMARK [2][-]{subsection.64}{\376\377\000A\000u\000g\000u\000s\000t\000\040\0002\0004\000,\000\040\0002\0000\0002\0005\000\040\040\024\000\040\000Y\000a\000m\000a\000n\000t\000a\000u\000\040\000P\000o\000s\000t}{section.63}% 33
\BOOKMARK [2][-]{subsection.65}{\376\377\000N\000o\000v\000e\000m\000b\000e\000r\000\040\0001\0007\000,\000\040\0002\0000\0002\0005\000\040\040\024\000\040\000I\000n\000d\000u\000c\000e\000d\000\040\000N\000u\000c\000l\000e\000a\000r\000\040\000P\000o\000s\000t}{section.63}% 34
\BOOKMARK [2][-]{subsection.66}{\376\377\000A\000s\000s\000e\000s\000s\000m\000e\000n\000t}{section.63}% 35
\BOOKMARK [2][-]{subsection.67}{\376\377\000T\000h\000e\000\040\000J\000o\000h\000n\000\040\000R\000o\000s\000s\000i\000\040\000C\000l\000a\000i\000m}{section.63}% 36
\BOOKMARK [1][-]{section.68}{\376\377\000T\000e\000c\000h\000n\000i\000c\000a\000l\000\040\000T\000h\000e\000m\000e\000s\000\040\000A\000n\000d\000\040\000R\000e\000c\000o\000m\000m\000e\000n\000d\000e\000d\000\040\000R\000e\000a\000d\000i\000n\000g}{}% 37
\BOOKMARK [1][-]{section.71}{\376\377\000A\000d\000d\000r\000e\000s\000s\000i\000n\000g\000\040\000T\000h\000e\000\040\000T\000r\000a\000i\000l\000\040\000A\000n\000a\000l\000y\000s\000i\000s\000\040\000Q\000u\000e\000s\000t\000i\000o\000n\000s}{}% 38
\BOOKMARK [2][-]{subsection.72}{\376\377\0001\000.\000\040\000T\000h\000e\000\040\000`\000`\000M\000o\000d\000e\000l\000'\000'\000\040\000I\000n\000\040\000T\000h\000e\000\040\000F\000i\000n\000a\000l\000\040\000R\000e\000p\000l\000y}{section.71}% 39
\BOOKMARK [2][-]{subsection.74}{\376\377\0002\000.\000\040\000W\000h\000a\000t\000\040\000C\000h\000a\000n\000g\000e\000d\000\040\000I\000n\000\040\000F\000e\000b\000r\000u\000a\000r\000y\000\040\0002\0000\0002\0006\000?}{section.71}% 40
\BOOKMARK [2][-]{subsection.75}{\376\377\0003\000.\000\040\000T\000h\000e\000\040\000F\000e\000b\000r\000u\000a\000r\000y\000\040\0002\0004\000\040\000`\000`\000M\000o\000d\000e\000r\000n\000\040\000s\000p\000a\000c\000e\000c\000r\000a\000f\000t\000'\000'\000\040\000I\000m\000a\000g\000e\000s}{section.71}% 41
\BOOKMARK [2][-]{subsection.79}{\376\377\0004\000.\000\040\000T\000h\000e\000\040\000`\000`\0001\000.\0000\0009\0004\000\040\000M\000H\000z\000'\000'\000\040\000C\000o\000u\000p\000l\000i\000n\000g\000\040\000F\000r\000e\000q\000u\000e\000n\000c\000y}{section.71}% 42
\BOOKMARK [2][-]{subsection.81}{\376\377\0005\000.\000\040\000T\000h\000e\000\040\000X\000e\000n\000o\000n\000\040\000L\000e\000a\000k\000a\000g\000e\000\040\000C\000l\000a\000i\000m\000\040\000A\000n\000d\000\040\000C\000T\000B\000T\000O\000\040\000D\000a\000t\000a}{section.71}% 43
\BOOKMARK [2][-]{subsection.84}{\376\377\0006\000.\000\040\000T\000h\000e\000\040\000K\000C\000-\0001\0003\0005\000\040\000R\000e\000v\000e\000r\000s\000e\000-\000S\000i\000d\000e\000\040\000C\000o\000m\000p\000o\000n\000e\000n\000t\000\040\000I\000n\000v\000e\000n\000t\000o\000r\000y}{section.71}% 44
\BOOKMARK [1][-]{section.89}{\376\377\000C\000o\000n\000d\000e\000n\000s\000e\000d\000\040\000T\000i\000m\000e\000l\000i\000n\000e}{}% 45
\BOOKMARK [1][-]{appendix.90}{\376\377\000A\000p\000p\000e\000n\000d\000i\000x\000\040\000A\000:\000\040\000C\000l\000a\000i\000m\000\040\000M\000a\000t\000r\000i\000x}{}% 46
\BOOKMARK [1][-]{appendix.91}{\376\377\000A\000p\000p\000e\000n\000d\000i\000x\000\040\000B\000:\000\040\000K\000e\000y\000\040\000S\000o\000u\000r\000c\000e\000\040\000L\000i\000n\000k\000s}{}% 47
\BOOKMARK [1][-]{appendix.92}{\376\377\000A\000p\000p\000e\000n\000d\000i\000x\000\040\000C\000:\000\040\000P\000r\000a\000c\000t\000i\000c\000a\000l\000\040\000R\000e\000a\000d\000i\000n\000g\000\040\000O\000f\000\040\000T\000h\000e\000\040\000E\000v\000i\000d\000e\000n\000c\000e}{}% 48
